0 info it worked if it ends with ok
1 verbose cli [ '/usr/local/bin/node',
1 verbose cli   '/usr/local/bin/npm',
1 verbose cli   'install',
1 verbose cli   '-g',
1 verbose cli   'weather.js' ]
2 info using npm@4.1.2
3 info using node@v7.5.0
4 silly loadCurrentTree Starting
5 silly install loadCurrentTree
6 silly install readGlobalPackageData
7 silly fetchPackageMetaData weather.js
8 silly fetchNamedPackageData weather.js
9 silly mapToRegistry name weather.js
10 silly mapToRegistry using default registry
11 silly mapToRegistry registry https://registry.npmjs.org/
12 silly mapToRegistry data Result {
12 silly mapToRegistry   raw: 'weather.js',
12 silly mapToRegistry   scope: null,
12 silly mapToRegistry   escapedName: 'weather.js',
12 silly mapToRegistry   name: 'weather.js',
12 silly mapToRegistry   rawSpec: '',
12 silly mapToRegistry   spec: 'latest',
12 silly mapToRegistry   type: 'tag' }
13 silly mapToRegistry uri https://registry.npmjs.org/weather.js
14 verbose request uri https://registry.npmjs.org/weather.js
15 verbose request no auth needed
16 info attempt registry request try #1 at 3:40:53 PM
17 verbose request id 218ac83cbd68aa5a
18 verbose etag W/"587bc0e6-1484"
19 verbose lastModified Sun, 15 Jan 2017 18:35:18 GMT
20 http request GET https://registry.npmjs.org/weather.js
21 http 304 https://registry.npmjs.org/weather.js
22 verbose headers { date: 'Sat, 04 Mar 2017 20:40:53 GMT',
22 verbose headers   via: '1.1 varnish',
22 verbose headers   'cache-control': 'max-age=300',
22 verbose headers   etag: 'W/"587bc0e6-1484"',
22 verbose headers   age: '0',
22 verbose headers   connection: 'keep-alive',
22 verbose headers   'x-served-by': 'cache-ord1738-ORD',
22 verbose headers   'x-cache': 'HIT',
22 verbose headers   'x-cache-hits': '1',
22 verbose headers   'x-timer': 'S1488660053.616962,VS0,VE114',
22 verbose headers   vary: 'Accept-Encoding' }
23 silly get cb [ 304,
23 silly get   { date: 'Sat, 04 Mar 2017 20:40:53 GMT',
23 silly get     via: '1.1 varnish',
23 silly get     'cache-control': 'max-age=300',
23 silly get     etag: 'W/"587bc0e6-1484"',
23 silly get     age: '0',
23 silly get     connection: 'keep-alive',
23 silly get     'x-served-by': 'cache-ord1738-ORD',
23 silly get     'x-cache': 'HIT',
23 silly get     'x-cache-hits': '1',
23 silly get     'x-timer': 'S1488660053.616962,VS0,VE114',
23 silly get     vary: 'Accept-Encoding' } ]
24 verbose etag https://registry.npmjs.org/weather.js from cache
25 verbose get saving weather.js to /Users/nicolezhao/.npm/registry.npmjs.org/weather.js/.cache.json
26 verbose correctMkdir /Users/nicolezhao/.npm correctMkdir not in flight; initializing
27 silly install normalizeTree
28 silly loadCurrentTree Finishing
29 silly loadIdealTree Starting
30 silly install loadIdealTree
31 silly cloneCurrentTree Starting
32 silly install cloneCurrentTreeToIdealTree
33 silly cloneCurrentTree Finishing
34 silly loadShrinkwrap Starting
35 silly install loadShrinkwrap
36 silly loadShrinkwrap Finishing
37 silly loadAllDepsIntoIdealTree Starting
38 silly install loadAllDepsIntoIdealTree
39 silly resolveWithNewModule weather.js@0.0.3 checking installable status
40 silly cache add args [ 'weather.js', null ]
41 verbose cache add spec weather.js
42 silly cache add parsed spec Result {
42 silly cache add   raw: 'weather.js',
42 silly cache add   scope: null,
42 silly cache add   escapedName: 'weather.js',
42 silly cache add   name: 'weather.js',
42 silly cache add   rawSpec: '',
42 silly cache add   spec: 'latest',
42 silly cache add   type: 'tag' }
43 silly addNamed weather.js@latest
44 verbose addNamed "latest" is being treated as a dist-tag for weather.js
45 info addNameTag [ 'weather.js', 'latest' ]
46 silly mapToRegistry name weather.js
47 silly mapToRegistry using default registry
48 silly mapToRegistry registry https://registry.npmjs.org/
49 silly mapToRegistry data Result {
49 silly mapToRegistry   raw: 'weather.js',
49 silly mapToRegistry   scope: null,
49 silly mapToRegistry   escapedName: 'weather.js',
49 silly mapToRegistry   name: 'weather.js',
49 silly mapToRegistry   rawSpec: '',
49 silly mapToRegistry   spec: 'latest',
49 silly mapToRegistry   type: 'tag' }
50 silly mapToRegistry uri https://registry.npmjs.org/weather.js
51 verbose addNameTag registry:https://registry.npmjs.org/weather.js not in flight; fetching
52 verbose get https://registry.npmjs.org/weather.js not expired, no request
53 silly addNameTag next cb for weather.js with tag latest
54 silly addNamed weather.js@0.0.3
55 verbose addNamed "0.0.3" is a plain semver version for weather.js
56 silly cache afterAdd weather.js@0.0.3
57 verbose afterAdd /Users/nicolezhao/.npm/weather.js/0.0.3/package/package.json not in flight; writing
58 verbose correctMkdir /Users/nicolezhao/.npm correctMkdir not in flight; initializing
59 verbose afterAdd /Users/nicolezhao/.npm/weather.js/0.0.3/package/package.json written
60 silly loadAllDepsIntoIdealTree Finishing
61 silly loadIdealTree Finishing
62 silly currentTree lib
63 silly idealTree lib
63 silly idealTree └── weather.js@0.0.3
64 silly generateActionsToTake Starting
65 silly install generateActionsToTake
66 warn checkPermissions Missing write access to /usr/local/lib/node_modules
67 silly rollbackFailedOptional Starting
68 silly rollbackFailedOptional Finishing
69 silly runTopLevelLifecycles Finishing
70 silly install printInstalled
71 verbose stack Error: EACCES: permission denied, access '/usr/local/lib/node_modules'
72 verbose cwd /Users/nicolezhao/chatbot
73 error Darwin 15.5.0
74 error argv "/usr/local/bin/node" "/usr/local/bin/npm" "install" "-g" "weather.js"
75 error node v7.5.0
76 error npm  v4.1.2
77 error path /usr/local/lib/node_modules
78 error code EACCES
79 error errno -13
80 error syscall access
81 error Error: EACCES: permission denied, access '/usr/local/lib/node_modules'
81 error  { Error: EACCES: permission denied, access '/usr/local/lib/node_modules'
81 error   errno: -13,
81 error   code: 'EACCES',
81 error   syscall: 'access',
81 error   path: '/usr/local/lib/node_modules' }
82 error Please try running this command again as root/Administrator.
83 verbose exit [ -13, true ]
